[2020-05-17 11:24:20,121] {split_events_sorted_trans.py:12} INFO - Starting splitting
[2020-05-17 11:40:54,376] {split_events_sorted_trans.py:34} INFO - End splitting
[2020-05-17 11:54:57,866] {vectorize_datasets.py:11} INFO - Starting vectorizing
[2020-05-17 12:45:06,598] {vectorizers.py:416} INFO - Vectorize ../../data/proc/raw_csv/01_train_0000.csv
[2020-05-17 12:45:06,799] {vectorizers.py:416} INFO - Vectorize ../../data/proc/raw_csv/01_train_0001.csv
[2020-05-17 12:45:07,069] {vectorizers.py:416} INFO - Vectorize ../../data/proc/raw_csv/01_train_0002.csv
[2020-05-17 12:45:07,294] {vectorizers.py:416} INFO - Vectorize ../../data/proc/raw_csv/01_train_0003.csv
[2020-05-17 12:45:07,525] {vectorizers.py:416} INFO - Vectorize ../../data/proc/raw_csv/01_train_0004.csv
[2020-05-17 12:45:07,780] {vectorizers.py:416} INFO - Vectorize ../../data/proc/raw_csv/01_train_0005.csv
[2020-05-17 12:45:07,988] {vectorizers.py:416} INFO - Vectorize ../../data/proc/raw_csv/01_train_0006.csv
[2020-05-17 12:45:08,231] {vectorizers.py:416} INFO - Vectorize ../../data/proc/raw_csv/01_train_0007.csv
[2020-05-17 12:45:08,468] {vectorizers.py:416} INFO - Vectorize ../../data/proc/raw_csv/01_train_0008.csv
[2020-05-17 18:45:12,855] {vectorize_datasets.py:11} INFO - Starting vectorizing
[2020-05-17 19:31:35,487] {vectorizers.py:416} INFO - Vectorize ../../data/proc/raw_csv/01_train_0001.csv
[2020-05-17 19:31:35,730] {vectorizers.py:416} INFO - Vectorize ../../data/proc/raw_csv/01_train_0005.csv
[2020-05-17 19:31:35,996] {vectorizers.py:416} INFO - Vectorize ../../data/proc/raw_csv/01_train_0011.csv
[2020-05-17 19:31:36,283] {vectorizers.py:416} INFO - Vectorize ../../data/proc/raw_csv/01_train_0012.csv
[2020-05-17 21:56:09,810] {vectorizers.py:416} INFO - Vectorize ../../data/proc/raw_csv/01_train_0021.csv
[2020-05-18 02:48:44,189] {vectorize_datasets.py:11} INFO - Starting vectorizing
[2020-05-18 02:50:31,233] {utils.py:129} INFO - Note: NumExpr detected 24 cores but "NUMEXPR_MAX_THREADS" not set, so enforcing safe limit of 8.
[2020-05-18 02:50:31,233] {utils.py:141} INFO - NumExpr defaulting to 8 threads.
[2020-05-18 03:35:01,644] {vectorizers.py:416} INFO - Vectorize ../../data/proc/raw_csv/01_train_0001.csv
[2020-05-18 03:35:01,859] {vectorizers.py:416} INFO - Vectorize ../../data/proc/raw_csv/01_train_0005.csv
[2020-05-18 03:35:02,121] {vectorizers.py:416} INFO - Vectorize ../../data/proc/raw_csv/01_train_0011.csv
[2020-05-18 03:35:02,337] {vectorizers.py:416} INFO - Vectorize ../../data/proc/raw_csv/01_train_0012.csv
[2020-05-18 03:36:56,239] {utils.py:129} INFO - Note: NumExpr detected 24 cores but "NUMEXPR_MAX_THREADS" not set, so enforcing safe limit of 8.
[2020-05-18 03:36:57,123] {utils.py:129} INFO - Note: NumExpr detected 24 cores but "NUMEXPR_MAX_THREADS" not set, so enforcing safe limit of 8.
[2020-05-18 03:36:57,785] {utils.py:129} INFO - Note: NumExpr detected 24 cores but "NUMEXPR_MAX_THREADS" not set, so enforcing safe limit of 8.
[2020-05-18 03:36:57,848] {utils.py:129} INFO - Note: NumExpr detected 24 cores but "NUMEXPR_MAX_THREADS" not set, so enforcing safe limit of 8.
[2020-05-18 06:03:51,569] {vectorizers.py:416} INFO - Vectorize ../../data/proc/raw_csv/01_train_0021.csv
[2020-05-18 06:03:57,355] {vectorizers.py:416} INFO - Vectorize ../../data/proc/raw_csv/01_train_0023.csv
[2020-05-18 06:03:58,815] {vectorizers.py:416} INFO - Vectorize ../../data/proc/raw_csv/03_test_0001.csv
[2020-05-18 06:03:59,649] {vectorizers.py:416} INFO - Vectorize ../../data/proc/raw_csv/03_test_0002.csv
[2020-05-18 08:27:04,484] {vectorizers.py:405} INFO - Saving 01_train_0001.npz
[2020-05-18 08:27:51,555] {vectorizers.py:405} INFO - Saving 01_train_0005.npz
[2020-05-18 08:28:38,168] {vectorizers.py:405} INFO - Saving 01_train_0011.npz
[2020-05-18 08:29:24,478] {vectorizers.py:405} INFO - Saving 01_train_0012.npz
[2020-05-18 08:30:11,415] {vectorizers.py:405} INFO - Saving 01_train_0021.npz
[2020-05-18 08:30:58,089] {vectorizers.py:405} INFO - Saving 01_train_0023.npz
[2020-05-18 08:31:44,553] {vectorizers.py:405} INFO - Saving 03_test_0001.npz
[2020-05-18 08:32:31,857] {vectorizers.py:405} INFO - Saving 03_test_0002.npz
[2020-05-18 12:20:04,715] {utils.py:129} INFO - Note: NumExpr detected 24 cores but "NUMEXPR_MAX_THREADS" not set, so enforcing safe limit of 8.
[2020-05-18 12:20:04,715] {utils.py:141} INFO - NumExpr defaulting to 8 threads.
[2020-05-18 12:20:10,185] {utils.py:20} INFO - [reading data] done in 5 s
[2020-05-18 12:20:10,266] {model_val.py:30} INFO - Train shape 4868465 Val shape 0
[2020-05-20 12:43:07,703] {utils.py:129} INFO - Note: NumExpr detected 24 cores but "NUMEXPR_MAX_THREADS" not set, so enforcing safe limit of 8.
[2020-05-20 12:43:07,703] {utils.py:141} INFO - NumExpr defaulting to 8 threads.
[2020-05-20 12:43:13,160] {utils.py:20} INFO - [reading data] done in 5 s
[2020-05-20 12:43:13,212] {model_val.py:32} INFO - Train shape 4000000 Val shape 868466
[2020-05-20 12:43:38,985] {utils.py:20} INFO - [splitting data] done in 26 s
[2020-05-20 18:06:08,948] {model_val.py:45} INFO - Train AUC 0.9850
[2020-05-20 18:06:09,278] {model_val.py:46} INFO - Val AUC 0.8897
[2020-05-20 18:06:10,421] {model_val.py:48} INFO - Val MRR 0.6261
[2020-05-20 18:06:10,422] {cmd.py:719} DEBUG - Popen(['git', 'cat-file', '--batch-check'], cwd=/home/janice/el/recsys2019, universal_newlines=False, shell=None, istream=<valid stream>)
[2020-05-20 18:06:16,103] {utils.py:20} INFO - [model fitting] done in 19357 s
